<?xml version="1.0" encoding="UTF-8"?>
<!-- Generated by org.testng.reporters.JUnitReportReporter -->
<testsuite skipped="0" hostname="INBook_X1" name="googletest.GoogleTest" tests="1" failures="0" timestamp="03 Jan 2023 14:29:31 GMT" time="9.028" errors="0">
  <testcase name="googleTest" time="9.028" classname="googletest.GoogleTest"/>
</testsuite> <!-- googletest.GoogleTest -->
